<?xml version="1.0" encoding="UTF-8"?>
<testng-results skipped="0" failed="0" ignored="0" total="1" passed="1">
  <reporter-output>
  </reporter-output>
  <suite name="Default suite" duration-ms="771" started-at="2017-06-21T15:14:18Z" finished-at="2017-06-21T15:14:19Z">
    <groups>
    </groups>
    <test name="Default test" duration-ms="771" started-at="2017-06-21T15:14:18Z" finished-at="2017-06-21T15:14:19Z">
      <class name="readxlsfile">
        <test-method status="PASS" signature="test()[pri:0, instance:readxlsfile@ae45eb6]" name="test" duration-ms="647" started-at="2017-06-21T11:14:18Z" finished-at="2017-06-21T11:14:19Z">
          <reporter-output>
          </reporter-output>
        </test-method> <!-- test -->
      </class> <!-- readxlsfile -->
    </test> <!-- Default test -->
  </suite> <!-- Default suite -->
</testng-results>
